<?xml version="1.0" encoding="UTF-8"?>
<!-- Generated by org.testng.reporters.JUnitReportReporter -->
<testsuite name="calling.Skype.Testcase_Login" tests="2" time="35.798" ignored="1" failures="0" timestamp="05 Apr 2018 13:06:52 GMT" skipped="0" hostname="DIN16002999" errors="0">
  <testcase name="tapOnSignIn" time="4.210" classname="calling.Skype.Testcase_Login"/>
  <testcase name="loginSkype" time="31.588" classname="calling.Skype.Testcase_Login"/>
  <testcase name="setUp" classname="calling.Skype.BaseTestClass">
    <skipped/>
  </testcase> <!-- setUp -->
</testsuite> <!-- calling.Skype.Testcase_Login -->
