<?xml version="1.0" encoding="UTF-8"?>
<!-- Generated by org.testng.reporters.JUnitReportReporter -->
<testsuite name="calling.Skype.Testcase_Login" tests="2" time="17.751" ignored="1" failures="0" timestamp="17 Apr 2018 11:26:22 GMT" skipped="0" hostname="DIN16002999" errors="0">
  <testcase name="tapOnSignIn" time="3.713" classname="calling.Skype.Testcase_Login"/>
  <testcase name="loginSkype" time="14.038" classname="calling.Skype.Testcase_Login"/>
  <testcase name="setUp" classname="calling.Skype.BaseTestClass">
    <skipped/>
  </testcase> <!-- setUp -->
</testsuite> <!-- calling.Skype.Testcase_Login -->
