<?xml version="1.0" encoding="UTF-8"?>
<!-- Generated by org.testng.reporters.JUnitReportReporter -->
<testsuite name="calling.Skype.TestCase_CallingUserWithDialer" tests="9" time="0.011" ignored="1" failures="0" timestamp="05 Apr 2018 12:10:36 GMT" skipped="9" hostname="DIN16002999" errors="0">
  <testcase name="signout" time="0.001" classname="calling.Skype.TestCase_CallingUserWithDialer">
    <skipped/>
  </testcase> <!-- signout -->
  <testcase name="makingACallThroughDialer" time="0.001" classname="calling.Skype.TestCase_CallingUserWithDialer">
    <skipped/>
  </testcase> <!-- makingACallThroughDialer -->
  <testcase name="saveContact" time="0.002" classname="calling.Skype.TestCase_CallingUserWithDialer">
    <skipped/>
  </testcase> <!-- saveContact -->
  <testcase name="dialNumber" time="0.001" classname="calling.Skype.TestCase_CallingUserWithDialer">
    <skipped/>
  </testcase> <!-- dialNumber -->
  <testcase name="scrollDown" time="0.001" classname="calling.Skype.TestCase_CallingUserWithDialer">
    <skipped/>
  </testcase> <!-- scrollDown -->
  <testcase name="scrollUp" time="0.001" classname="calling.Skype.TestCase_CallingUserWithDialer">
    <skipped/>
  </testcase> <!-- scrollUp -->
  <testcase name="searchContact" time="0.002" classname="calling.Skype.TestCase_CallingUserWithDialer">
    <skipped/>
  </testcase> <!-- searchContact -->
  <testcase name="getNumberOfRecords" time="0.001" classname="calling.Skype.TestCase_CallingUserWithDialer">
    <skipped/>
  </testcase> <!-- getNumberOfRecords -->
  <testcase name="horizontalScroll" time="0.001" classname="calling.Skype.TestCase_CallingUserWithDialer">
    <skipped/>
  </testcase> <!-- horizontalScroll -->
  <testcase name="setUp" classname="calling.Skype.BaseTestClass">
    <skipped/>
  </testcase> <!-- setUp -->
</testsuite> <!-- calling.Skype.TestCase_CallingUserWithDialer -->
