<?xml version="1.0" encoding="UTF-8"?>
<!-- Generated by org.testng.reporters.JUnitReportReporter -->
<testsuite name="calling.Skype.Testcase_Login" tests="2" time="19.311" ignored="0" failures="0" timestamp="05 Apr 2018 12:13:48 GMT" skipped="0" hostname="DIN16002999" errors="0">
  <testcase name="loginSkype" time="14.634" classname="calling.Skype.Testcase_Login"/>
  <testcase name="tapOnSignIn" time="4.677" classname="calling.Skype.Testcase_Login"/>
</testsuite> <!-- calling.Skype.Testcase_Login -->
